<?xml version="1.0" encoding="UTF-8"?>
<!-- Generated by org.testng.reporters.JUnitReportReporter -->
<testsuite hostname="PsO" failures="0" tests="1" name="tests.loginTest" time="0.491" errors="0" timestamp="2024-11-10T16:03:15 IST" skipped="0">
  <testcase classname="tests.loginTest" name="login" time="0.491"/>
</testsuite> <!-- tests.loginTest -->
