<?xml version="1.0" encoding="UTF-8"?>
<!-- Generated by org.testng.reporters.JUnitReportReporter -->
<testsuite hostname="PsO" failures="0" tests="4" name="tests.shoppingCart" time="1.915" errors="0" timestamp="2024-11-09T21:51:51 IST" skipped="0">
  <testcase classname="tests.shoppingCart" name="login" time="1.436"/>
  <testcase classname="tests.shoppingCart" name="search" time="0.165"/>
  <testcase classname="tests.shoppingCart" name="addItem" time="0.199"/>
  <testcase classname="tests.shoppingCart" name="verify" time="0.115"/>
</testsuite> <!-- tests.shoppingCart -->
